[09:19:22] [Server thread/INFO]: Starting minecraft server version 1.7.2
[09:19:23] [Server thread/INFO]: Loading properties
[09:19:23] [Server thread/INFO]: Default game type: SURVIVAL
[09:19:23] [Server thread/INFO]: Generating keypair
[09:19:23] [Server thread/INFO]: Starting Minecraft server on *:28536
[09:19:24] [Server thread/WARN]: **** SERVER IS RUNNING IN OFFLINE/INSECURE MODE!
[09:19:24] [Server thread/WARN]: The server will make no attempt to authenticate usernames. Beware.
[09:19:24] [Server thread/WARN]: While this makes the game possible to play without internet access, it also opens up the ability for hackers to connect with any username they choose.
[09:19:24] [Server thread/WARN]: To change this, set "online-mode" to "true" in the server.properties file.
[09:19:24] [Server thread/INFO]: Preparing level "Mondo"
[09:19:25] [Server thread/INFO]: Preparing start region for level 0
[09:19:26] [Server thread/INFO]: Done (2,619s)! For help, type "help" or "?"
[09:19:43] [Server thread/INFO]: Usage: Use /forge <subcommand>. Subcommands are tps, track
[09:19:51] [Server thread/INFO]: Usage: Use /forge track <type> <duration>. Valid types are te (Tile Entities). Duration is < 60. 
[09:48:20] [Server thread/INFO]: Stopping server
[09:48:20] [Server thread/INFO]: Saving players
[09:48:20] [Server thread/INFO]: Saving worlds
[09:48:20] [Server thread/INFO]: Saving chunks for level 'Mondo'/Overworld
[09:48:20] [Server thread/INFO]: Saving chunks for level 'DIM1'/The End
[09:48:20] [Server thread/INFO]: Saving chunks for level 'DIM-1'/Nether
[09:48:20] [Server thread/INFO]: Stopping server
[09:48:20] [Server thread/INFO]: Saving players
[09:48:20] [Server thread/INFO]: Saving worlds
[09:48:20] [Server thread/INFO]: Saving chunks for level 'DIM1'/The End
[09:48:20] [Server thread/ERROR]: Exception stopping the server
java.lang.NullPointerException
	at net.minecraftforge.common.ForgeChunkManager.saveWorld(ForgeChunkManager.java:819) ~[ForgeChunkManager.class:git-MCPC-Plus-1.7.2-R0.4-forge1033-47]
	at net.minecraftforge.common.ForgeInternalHandler.onDimensionSave(ForgeInternalHandler.java:70) ~[ForgeInternalHandler.class:git-MCPC-Plus-1.7.2-R0.4-forge1033-47]
	at cpw.mods.fml.common.eventhandler.ASMEventHandler_2_ForgeInternalHandler_onDimensionSave_Save.invoke(.dynamic) ~[?:?]
	at cpw.mods.fml.common.eventhandler.ASMEventHandler.invoke(ASMEventHandler.java:51) ~[ASMEventHandler.class:git-MCPC-Plus-1.7.2-R0.4-forge1033-47]
	at cpw.mods.fml.common.eventhandler.EventBus.post(EventBus.java:122) ~[EventBus.class:git-MCPC-Plus-1.7.2-R0.4-forge1033-47]
	at net.minecraft.world.WorldServer.func_73044_a(WorldServer.java:1072) ~[mj.class:?]
	at net.minecraft.server.MinecraftServer.func_71267_a(MinecraftServer.java:538) ~[MinecraftServer.class:?]
	at net.minecraft.server.MinecraftServer.func_71260_j(MinecraftServer.java:578) ~[MinecraftServer.class:?]
	at net.minecraft.server.MinecraftServer.run(MinecraftServer.java:718) [MinecraftServer.class:?]
	at java.lang.Thread.run(Unknown Source) [?:1.7.0_51]
[09:48:20] [Thread-6/INFO]: Stopping server
